2025-05-18 13:06:40 - [chat.py:843] - INFO - ===== 流式API请求开始 =====
2025-05-18 13:06:40 - [chat.py:844] - INFO - 请求URL: https://app.unlimitedai.chat/api/chat
2025-05-18 13:06:42 - [chat.py:887] - INFO - ===== 流式API响应开始 =====
2025-05-18 13:06:42 - [chat.py:888] - INFO - 响应状态码: 200
2025-05-18 13:07:38 - [chat.py:843] - INFO - ===== 流式API请求开始 =====
2025-05-18 13:07:38 - [chat.py:844] - INFO - 请求URL: https://app.unlimitedai.chat/api/chat
2025-05-18 13:07:40 - [chat.py:843] - INFO - ===== 流式API请求开始 =====
2025-05-18 13:07:40 - [chat.py:844] - INFO - 请求URL: https://app.unlimitedai.chat/api/chat
2025-05-18 13:07:41 - [chat.py:887] - INFO - ===== 流式API响应开始 =====
2025-05-18 13:07:41 - [chat.py:888] - INFO - 响应状态码: 200
2025-05-18 13:07:42 - [chat.py:887] - INFO - ===== 流式API响应开始 =====
2025-05-18 13:07:42 - [chat.py:888] - INFO - 响应状态码: 200
2025-05-18 13:07:42 - [chat.py:1203] - INFO - ===== 流式API响应结束 =====
2025-05-18 13:07:46 - [chat.py:843] - INFO - ===== 流式API请求开始 =====
2025-05-18 13:07:46 - [chat.py:844] - INFO - 请求URL: https://app.unlimitedai.chat/api/chat
2025-05-18 13:07:48 - [chat.py:887] - INFO - ===== 流式API响应开始 =====
2025-05-18 13:07:48 - [chat.py:888] - INFO - 响应状态码: 200
2025-05-18 13:07:53 - [chat.py:1203] - INFO - ===== 流式API响应结束 =====
2025-05-18 13:08:08 - [chat.py:1203] - INFO - ===== 流式API响应结束 =====
2025-05-18 13:08:09 - [chat.py:843] - INFO - ===== 流式API请求开始 =====
2025-05-18 13:08:09 - [chat.py:844] - INFO - 请求URL: https://app.unlimitedai.chat/api/chat
2025-05-18 13:08:13 - [chat.py:887] - INFO - ===== 流式API响应开始 =====
2025-05-18 13:08:13 - [chat.py:888] - INFO - 响应状态码: 200
2025-05-18 13:08:36 - [chat.py:843] - INFO - ===== 流式API请求开始 =====
2025-05-18 13:08:36 - [chat.py:844] - INFO - 请求URL: https://app.unlimitedai.chat/api/chat
2025-05-18 13:08:36 - [chat.py:843] - INFO - ===== 流式API请求开始 =====
2025-05-18 13:08:36 - [chat.py:844] - INFO - 请求URL: https://app.unlimitedai.chat/api/chat
2025-05-18 13:08:37 - [chat.py:887] - INFO - ===== 流式API响应开始 =====
2025-05-18 13:08:37 - [chat.py:888] - INFO - 响应状态码: 200
2025-05-18 13:08:38 - [chat.py:1203] - INFO - ===== 流式API响应结束 =====
2025-05-18 13:08:38 - [chat.py:887] - INFO - ===== 流式API响应开始 =====
2025-05-18 13:08:38 - [chat.py:888] - INFO - 响应状态码: 200
2025-05-18 13:08:41 - [chat.py:1203] - INFO - ===== 流式API响应结束 =====
2025-05-18 13:08:43 - [chat.py:843] - INFO - ===== 流式API请求开始 =====
2025-05-18 13:08:43 - [chat.py:844] - INFO - 请求URL: https://app.unlimitedai.chat/api/chat
2025-05-18 13:08:45 - [chat.py:887] - INFO - ===== 流式API响应开始 =====
2025-05-18 13:08:45 - [chat.py:888] - INFO - 响应状态码: 200
2025-05-18 13:08:48 - [chat.py:843] - INFO - ===== 流式API请求开始 =====
2025-05-18 13:08:48 - [chat.py:844] - INFO - 请求URL: https://app.unlimitedai.chat/api/chat
2025-05-18 13:08:49 - [chat.py:1203] - INFO - ===== 流式API响应结束 =====
2025-05-18 13:08:50 - [chat.py:887] - INFO - ===== 流式API响应开始 =====
2025-05-18 13:08:50 - [chat.py:888] - INFO - 响应状态码: 200
2025-05-18 13:08:52 - [chat.py:1203] - INFO - ===== 流式API响应结束 =====
2025-05-18 13:08:53 - [chat.py:843] - INFO - ===== 流式API请求开始 =====
2025-05-18 13:08:53 - [chat.py:844] - INFO - 请求URL: https://app.unlimitedai.chat/api/chat
2025-05-18 13:08:57 - [chat.py:887] - INFO - ===== 流式API响应开始 =====
2025-05-18 13:08:57 - [chat.py:888] - INFO - 响应状态码: 200
2025-05-18 13:08:57 - [chat.py:1203] - INFO - ===== 流式API响应结束 =====
2025-05-18 13:09:00 - [chat.py:843] - INFO - ===== 流式API请求开始 =====
2025-05-18 13:09:00 - [chat.py:844] - INFO - 请求URL: https://app.unlimitedai.chat/api/chat
2025-05-18 13:09:01 - [chat.py:887] - INFO - ===== 流式API响应开始 =====
2025-05-18 13:09:01 - [chat.py:888] - INFO - 响应状态码: 200
2025-05-18 13:09:01 - [chat.py:1203] - INFO - ===== 流式API响应结束 =====
2025-05-18 13:09:04 - [chat.py:843] - INFO - ===== 流式API请求开始 =====
2025-05-18 13:09:04 - [chat.py:844] - INFO - 请求URL: https://app.unlimitedai.chat/api/chat
2025-05-18 13:09:05 - [chat.py:887] - INFO - ===== 流式API响应开始 =====
2025-05-18 13:09:05 - [chat.py:888] - INFO - 响应状态码: 200
2025-05-18 13:09:06 - [chat.py:1203] - INFO - ===== 流式API响应结束 =====
2025-05-18 13:09:06 - [chat.py:843] - INFO - ===== 流式API请求开始 =====
2025-05-18 13:09:06 - [chat.py:844] - INFO - 请求URL: https://app.unlimitedai.chat/api/chat
2025-05-18 13:09:08 - [chat.py:887] - INFO - ===== 流式API响应开始 =====
2025-05-18 13:09:08 - [chat.py:888] - INFO - 响应状态码: 200
2025-05-18 13:09:10 - [chat.py:1203] - INFO - ===== 流式API响应结束 =====
2025-05-18 13:09:11 - [chat.py:843] - INFO - ===== 流式API请求开始 =====
2025-05-18 13:09:11 - [chat.py:844] - INFO - 请求URL: https://app.unlimitedai.chat/api/chat
2025-05-18 13:09:13 - [chat.py:887] - INFO - ===== 流式API响应开始 =====
2025-05-18 13:09:13 - [chat.py:888] - INFO - 响应状态码: 200
2025-05-18 13:09:15 - [chat.py:1203] - INFO - ===== 流式API响应结束 =====
2025-05-18 13:09:17 - [chat.py:843] - INFO - ===== 流式API请求开始 =====
2025-05-18 13:09:17 - [chat.py:844] - INFO - 请求URL: https://app.unlimitedai.chat/api/chat
2025-05-18 13:09:19 - [chat.py:887] - INFO - ===== 流式API响应开始 =====
2025-05-18 13:09:19 - [chat.py:888] - INFO - 响应状态码: 200
2025-05-18 13:09:19 - [chat.py:1203] - INFO - ===== 流式API响应结束 =====
2025-05-18 13:09:23 - [chat.py:843] - INFO - ===== 流式API请求开始 =====
2025-05-18 13:09:23 - [chat.py:844] - INFO - 请求URL: https://app.unlimitedai.chat/api/chat
2025-05-18 13:09:24 - [chat.py:887] - INFO - ===== 流式API响应开始 =====
2025-05-18 13:09:24 - [chat.py:888] - INFO - 响应状态码: 200
2025-05-18 13:09:25 - [chat.py:1203] - INFO - ===== 流式API响应结束 =====
2025-05-18 13:09:31 - [chat.py:843] - INFO - ===== 流式API请求开始 =====
2025-05-18 13:09:31 - [chat.py:844] - INFO - 请求URL: https://app.unlimitedai.chat/api/chat
2025-05-18 13:09:36 - [chat.py:887] - INFO - ===== 流式API响应开始 =====
2025-05-18 13:09:36 - [chat.py:888] - INFO - 响应状态码: 200
2025-05-18 13:09:39 - [chat.py:1203] - INFO - ===== 流式API响应结束 =====
2025-05-18 13:09:41 - [chat.py:843] - INFO - ===== 流式API请求开始 =====
2025-05-18 13:09:41 - [chat.py:844] - INFO - 请求URL: https://app.unlimitedai.chat/api/chat
2025-05-18 13:09:42 - [chat.py:887] - INFO - ===== 流式API响应开始 =====
2025-05-18 13:09:42 - [chat.py:888] - INFO - 响应状态码: 429
2025-05-18 13:10:36 - [chat.py:843] - INFO - ===== 流式API请求开始 =====
2025-05-18 13:10:36 - [chat.py:844] - INFO - 请求URL: https://app.unlimitedai.chat/api/chat
2025-05-18 13:10:43 - [chat.py:887] - INFO - ===== 流式API响应开始 =====
2025-05-18 13:10:43 - [chat.py:888] - INFO - 响应状态码: 200
2025-05-18 13:10:43 - [chat.py:1203] - INFO - ===== 流式API响应结束 =====
2025-05-18 13:10:45 - [chat.py:843] - INFO - ===== 流式API请求开始 =====
2025-05-18 13:10:45 - [chat.py:844] - INFO - 请求URL: https://app.unlimitedai.chat/api/chat
2025-05-18 13:10:46 - [chat.py:887] - INFO - ===== 流式API响应开始 =====
2025-05-18 13:10:46 - [chat.py:888] - INFO - 响应状态码: 200
2025-05-18 13:10:47 - [chat.py:1203] - INFO - ===== 流式API响应结束 =====
2025-05-18 13:10:49 - [chat.py:843] - INFO - ===== 流式API请求开始 =====
2025-05-18 13:10:49 - [chat.py:844] - INFO - 请求URL: https://app.unlimitedai.chat/api/chat
2025-05-18 13:10:50 - [chat.py:887] - INFO - ===== 流式API响应开始 =====
2025-05-18 13:10:50 - [chat.py:888] - INFO - 响应状态码: 200
2025-05-18 13:10:51 - [chat.py:1203] - INFO - ===== 流式API响应结束 =====
